This file contains any messages produced by compilers while
running configure, to aid debugging if configure makes a mistake.

It was created by creuvuxd configure 0.81, which was
generated by GNU Autoconf 2.69.  Invocation command line was

  $ ./configure 

## --------- ##
## Platform. ##
## --------- ##

hostname = Sylvain
uname -m = x86_64
uname -r = 3.7.2-gentoo
uname -s = Linux
uname -v = #1 SMP Sun Jan 13 00:05:18 CET 2013

/usr/bin/uname -p = Intel(R) Core(TM) i7-2620M CPU @ 2.70GHz
/bin/uname -X     = unknown

/bin/arch              = unknown
/usr/bin/arch -k       = unknown
/usr/convex/getsysinfo = unknown
/usr/bin/hostinfo      = unknown
/bin/machine           = unknown
/usr/bin/oslevel       = unknown
/bin/universe          = unknown

PATH: /usr/local/bin
PATH: /usr/bin
PATH: /bin
PATH: /opt/bin
PATH: /usr/x86_64-pc-linux-gnu/gcc-bin/4.6.3
PATH: /opt/nvidia-cg-toolkit/bin
PATH: /usr/games/bin


## ----------- ##
## Core tests. ##
## ----------- ##

configure:2269: checking for a BSD-compatible install
configure:2337: result: /usr/bin/install -c
configure:2348: checking whether build environment is sane
configure:2403: result: yes
configure:2554: checking for a thread-safe mkdir -p
configure:2593: result: /bin/mkdir -p
configure:2600: checking for gawk
configure:2616: found /usr/bin/gawk
configure:2627: result: gawk
configure:2638: checking whether make sets $(MAKE)
configure:2660: result: yes
configure:2689: checking whether make supports nested variables
configure:2706: result: yes
configure:2838: checking for gcc
configure:2854: found /usr/bin/gcc
configure:2865: result: gcc
configure:3094: checking for C compiler version
configure:3103: gcc --version >&5
gcc (Gentoo 4.6.3 p1.7, pie-0.5.2) 4.6.3
Copyright (C) 2011 Free Software Foundation, Inc.
This is free software; see the source for copying conditions.  There is NO
warranty; not even for MERCHANTABILITY or FITNESS FOR A PARTICULAR PURPOSE.

configure:3114: $? = 0
configure:3103: gcc -v >&5
Using built-in specs.
COLLECT_GCC=/usr/x86_64-pc-linux-gnu/gcc-bin/4.6.3/gcc
COLLECT_LTO_WRAPPER=/usr/libexec/gcc/x86_64-pc-linux-gnu/4.6.3/lto-wrapper
Target: x86_64-pc-linux-gnu
Configured with: /var/tmp/portage/sys-devel/gcc-4.6.3/work/gcc-4.6.3/configure --prefix=/usr --bindir=/usr/x86_64-pc-linux-gnu/gcc-bin/4.6.3 --includedir=/usr/lib/gcc/x86_64-pc-linux-gnu/4.6.3/include --datadir=/usr/share/gcc-data/x86_64-pc-linux-gnu/4.6.3 --mandir=/usr/share/gcc-data/x86_64-pc-linux-gnu/4.6.3/man --infodir=/usr/share/gcc-data/x86_64-pc-linux-gnu/4.6.3/info --with-gxx-include-dir=/usr/lib/gcc/x86_64-pc-linux-gnu/4.6.3/include/g++-v4 --host=x86_64-pc-linux-gnu --build=x86_64-pc-linux-gnu --disable-altivec --disable-fixed-point --without-ppl --without-cloog --enable-lto --enable-nls --without-included-gettext --with-system-zlib --enable-obsolete --disable-werror --enable-secureplt --enable-multilib --enable-libmudflap --disable-libssp --enable-libgomp --with-python-dir=/share/gcc-data/x86_64-pc-linux-gnu/4.6.3/python --enable-checking=release --disable-libgcj --enable-languages=c,c++,fortran --enable-shared --enable-threads=posix --enable-__cxa_atexit --enable-clocale=gnu --enable-targets=all --with-bugurl=http://bugs.gentoo.org/ --with-pkgversion='Gentoo 4.6.3 p1.7, pie-0.5.2'
Thread model: posix
gcc version 4.6.3 (Gentoo 4.6.3 p1.7, pie-0.5.2) 
configure:3114: $? = 0
configure:3103: gcc -V >&5
gcc: error: unrecognized option '-V'
gcc: fatal error: no input files
compilation terminated.
configure:3114: $? = 1
configure:3103: gcc -qversion >&5
gcc: error: unrecognized option '-qversion'
gcc: fatal error: no input files
compilation terminated.
configure:3114: $? = 1
configure:3134: checking whether the C compiler works
configure:3156: gcc    conftest.c  >&5
configure:3160: $? = 0
configure:3208: result: yes
configure:3211: checking for C compiler default output file name
configure:3213: result: a.out
configure:3219: checking for suffix of executables
configure:3226: gcc -o conftest    conftest.c  >&5
configure:3230: $? = 0
configure:3252: result: 
configure:3274: checking whether we are cross compiling
configure:3282: gcc -o conftest    conftest.c  >&5
configure:3286: $? = 0
configure:3293: ./conftest
configure:3297: $? = 0
configure:3312: result: no
configure:3317: checking for suffix of object files
configure:3339: gcc -c   conftest.c >&5
configure:3343: $? = 0
configure:3364: result: o
configure:3368: checking whether we are using the GNU C compiler
configure:3387: gcc -c   conftest.c >&5
configure:3387: $? = 0
configure:3396: result: yes
configure:3405: checking whether gcc accepts -g
configure:3425: gcc -c -g  conftest.c >&5
configure:3425: $? = 0
configure:3466: result: yes
configure:3483: checking for gcc option to accept ISO C89
configure:3546: gcc  -c -g -O2  conftest.c >&5
configure:3546: $? = 0
configure:3559: result: none needed
configure:3590: checking for style of include used by make
configure:3618: result: GNU
configure:3644: checking dependency style of gcc
configure:3755: result: gcc3
configure:3771: checking whether gcc and cc understand -c and -o together
configure:3802: gcc -c conftest.c -o conftest2.o >&5
configure:3806: $? = 0
configure:3812: gcc -c conftest.c -o conftest2.o >&5
configure:3816: $? = 0
configure:3827: cc -c conftest.c >&5
configure:3831: $? = 0
configure:3839: cc -c conftest.c -o conftest2.o >&5
configure:3843: $? = 0
configure:3849: cc -c conftest.c -o conftest2.o >&5
configure:3853: $? = 0
configure:3871: result: yes
configure:3900: checking for main in -lz
configure:3919: gcc -o conftest -g -O2   conftest.c -lz   >&5
configure:3919: $? = 0
configure:3928: result: yes
configure:3941: checking for X509_get_ext_count in -lcrypto
configure:3966: gcc -o conftest -g -O2   conftest.c -lcrypto  -lz  >&5
configure:3966: $? = 0
configure:3975: result: yes
configure:3987: checking for SSL_get_error in -lssl
configure:4012: gcc -o conftest -g -O2   conftest.c -lssl  -lcrypto -lz  >&5
configure:4012: $? = 0
configure:4021: result: yes
configure:4032: checking for pthread_create in -lpthread
configure:4057: gcc -o conftest -g -O2   conftest.c -lpthread  -lssl -lcrypto -lz  >&5
configure:4057: $? = 0
configure:4066: result: yes
configure:4077: checking for deflateInit in -lz
configure:4102: gcc -o conftest -g -O2   conftest.c -lz  -lpthread -lssl -lcrypto -lz  >&5
/tmp/cczT9UaQ.o: In function `main':
/home/creuvard/Desktop/[Documents]/SVN-CREUVUX/Server_MySQL/conftest.c:26: undefined reference to `deflateInit'
collect2: ld returned 1 exit status
configure:4102: $? = 1
configure: failed program was:
| /* confdefs.h */
| #define PACKAGE_NAME "creuvuxd"
| #define PACKAGE_TARNAME "creuvuxd"
| #define PACKAGE_VERSION "0.81"
| #define PACKAGE_STRING "creuvuxd 0.81"
| #define PACKAGE_BUGREPORT "creuvard@creuvux.org"
| #define PACKAGE_URL ""
| #define PACKAGE "creuvuxd"
| #define VERSION "0.81"
| #define HAVE_LIBZ 1
| #define HAVE_LIBCRYPTO 1
| #define HAVE_LIBSSL 1
| #define HAVE_LIBPTHREAD 1
| /* end confdefs.h.  */
| 
| /* Override any GCC internal prototype to avoid an error.
|    Use char because int might match the return type of a GCC
|    builtin and then its argument prototype would still apply.  */
| #ifdef __cplusplus
| extern "C"
| #endif
| char deflateInit ();
| int
| main ()
| {
| return deflateInit ();
|   ;
|   return 0;
| }
configure:4111: result: no
configure:4179: checking for pkg-config
configure:4197: found /usr/bin/pkg-config
configure:4209: result: /usr/bin/pkg-config
configure:4234: checking pkg-config is at least version 0.9.0
configure:4237: result: yes
configure:4247: checking for SQL
configure:4254: $PKG_CONFIG --exists --print-errors "sqlite3"
configure:4257: $? = 0
configure:4271: $PKG_CONFIG --exists --print-errors "sqlite3"
configure:4274: $? = 0
configure:4332: result: yes
configure:4356: checking for mysql_config
configure:4375: found /usr/bin/mysql_config
configure:4388: result: /usr/bin/mysql_config
configure:4412: checking how to run the C preprocessor
configure:4443: gcc -E  conftest.c
configure:4443: $? = 0
configure:4457: gcc -E  conftest.c
conftest.c:15:28: fatal error: ac_nonexistent.h: No such file or directory
compilation terminated.
configure:4457: $? = 1
configure: failed program was:
| /* confdefs.h */
| #define PACKAGE_NAME "creuvuxd"
| #define PACKAGE_TARNAME "creuvuxd"
| #define PACKAGE_VERSION "0.81"
| #define PACKAGE_STRING "creuvuxd 0.81"
| #define PACKAGE_BUGREPORT "creuvard@creuvux.org"
| #define PACKAGE_URL ""
| #define PACKAGE "creuvuxd"
| #define VERSION "0.81"
| #define HAVE_LIBZ 1
| #define HAVE_LIBCRYPTO 1
| #define HAVE_LIBSSL 1
| #define HAVE_LIBPTHREAD 1
| /* end confdefs.h.  */
| #include <ac_nonexistent.h>
configure:4482: result: gcc -E
configure:4502: gcc -E  conftest.c
configure:4502: $? = 0
configure:4516: gcc -E  conftest.c
conftest.c:15:28: fatal error: ac_nonexistent.h: No such file or directory
compilation terminated.
configure:4516: $? = 1
configure: failed program was:
| /* confdefs.h */
| #define PACKAGE_NAME "creuvuxd"
| #define PACKAGE_TARNAME "creuvuxd"
| #define PACKAGE_VERSION "0.81"
| #define PACKAGE_STRING "creuvuxd 0.81"
| #define PACKAGE_BUGREPORT "creuvard@creuvux.org"
| #define PACKAGE_URL ""
| #define PACKAGE "creuvuxd"
| #define VERSION "0.81"
| #define HAVE_LIBZ 1
| #define HAVE_LIBCRYPTO 1
| #define HAVE_LIBSSL 1
| #define HAVE_LIBPTHREAD 1
| /* end confdefs.h.  */
| #include <ac_nonexistent.h>
configure:4545: checking for grep that handles long lines and -e
configure:4603: result: /bin/grep
configure:4608: checking for egrep
configure:4670: result: /bin/grep -E
configure:4675: checking for ANSI C header files
configure:4695: gcc -c -g -O2  conftest.c >&5
configure:4695: $? = 0
configure:4768: gcc -o conftest -g -O2   conftest.c -lpthread -lssl -lcrypto -lz  >&5
configure:4768: $? = 0
configure:4768: ./conftest
configure:4768: $? = 0
configure:4779: result: yes
configure:4792: checking for sys/types.h
configure:4792: gcc -c -g -O2  conftest.c >&5
configure:4792: $? = 0
configure:4792: result: yes
configure:4792: checking for sys/stat.h
configure:4792: gcc -c -g -O2  conftest.c >&5
configure:4792: $? = 0
configure:4792: result: yes
configure:4792: checking for stdlib.h
configure:4792: gcc -c -g -O2  conftest.c >&5
configure:4792: $? = 0
configure:4792: result: yes
configure:4792: checking for string.h
configure:4792: gcc -c -g -O2  conftest.c >&5
configure:4792: $? = 0
configure:4792: result: yes
configure:4792: checking for memory.h
configure:4792: gcc -c -g -O2  conftest.c >&5
configure:4792: $? = 0
configure:4792: result: yes
configure:4792: checking for strings.h
configure:4792: gcc -c -g -O2  conftest.c >&5
configure:4792: $? = 0
configure:4792: result: yes
configure:4792: checking for inttypes.h
configure:4792: gcc -c -g -O2  conftest.c >&5
configure:4792: $? = 0
configure:4792: result: yes
configure:4792: checking for stdint.h
configure:4792: gcc -c -g -O2  conftest.c >&5
configure:4792: $? = 0
configure:4792: result: yes
configure:4792: checking for unistd.h
configure:4792: gcc -c -g -O2  conftest.c >&5
configure:4792: $? = 0
configure:4792: result: yes
configure:4807: checking arpa/inet.h usability
configure:4807: gcc -c -g -O2  conftest.c >&5
configure:4807: $? = 0
configure:4807: result: yes
configure:4807: checking arpa/inet.h presence
configure:4807: gcc -E  conftest.c
configure:4807: $? = 0
configure:4807: result: yes
configure:4807: checking for arpa/inet.h
configure:4807: result: yes
configure:4807: checking fcntl.h usability
configure:4807: gcc -c -g -O2  conftest.c >&5
configure:4807: $? = 0
configure:4807: result: yes
configure:4807: checking fcntl.h presence
configure:4807: gcc -E  conftest.c
configure:4807: $? = 0
configure:4807: result: yes
configure:4807: checking for fcntl.h
configure:4807: result: yes
configure:4807: checking limits.h usability
configure:4807: gcc -c -g -O2  conftest.c >&5
configure:4807: $? = 0
configure:4807: result: yes
configure:4807: checking limits.h presence
configure:4807: gcc -E  conftest.c
configure:4807: $? = 0
configure:4807: result: yes
configure:4807: checking for limits.h
configure:4807: result: yes
configure:4807: checking netinet/in.h usability
configure:4807: gcc -c -g -O2  conftest.c >&5
configure:4807: $? = 0
configure:4807: result: yes
configure:4807: checking netinet/in.h presence
configure:4807: gcc -E  conftest.c
configure:4807: $? = 0
configure:4807: result: yes
configure:4807: checking for netinet/in.h
configure:4807: result: yes
configure:4807: checking for stdlib.h
configure:4807: result: yes
configure:4807: checking for string.h
configure:4807: result: yes
configure:4807: checking sys/param.h usability
configure:4807: gcc -c -g -O2  conftest.c >&5
configure:4807: $? = 0
configure:4807: result: yes
configure:4807: checking sys/param.h presence
configure:4807: gcc -E  conftest.c
configure:4807: $? = 0
configure:4807: result: yes
configure:4807: checking for sys/param.h
configure:4807: result: yes
configure:4807: checking sys/socket.h usability
configure:4807: gcc -c -g -O2  conftest.c >&5
configure:4807: $? = 0
configure:4807: result: yes
configure:4807: checking sys/socket.h presence
configure:4807: gcc -E  conftest.c
configure:4807: $? = 0
configure:4807: result: yes
configure:4807: checking for sys/socket.h
configure:4807: result: yes
configure:4807: checking sys/time.h usability
configure:4807: gcc -c -g -O2  conftest.c >&5
configure:4807: $? = 0
configure:4807: result: yes
configure:4807: checking sys/time.h presence
configure:4807: gcc -E  conftest.c
configure:4807: $? = 0
configure:4807: result: yes
configure:4807: checking for sys/time.h
configure:4807: result: yes
configure:4807: checking termios.h usability
configure:4807: gcc -c -g -O2  conftest.c >&5
configure:4807: $? = 0
configure:4807: result: yes
configure:4807: checking termios.h presence
configure:4807: gcc -E  conftest.c
configure:4807: $? = 0
configure:4807: result: yes
configure:4807: checking for termios.h
configure:4807: result: yes
configure:4807: checking for unistd.h
configure:4807: result: yes
configure:4819: checking for uid_t in sys/types.h
configure:4838: result: yes
configure:4849: checking for off_t
configure:4849: gcc -c -g -O2  conftest.c >&5
configure:4849: $? = 0
configure:4849: gcc -c -g -O2  conftest.c >&5
conftest.c: In function 'main':
conftest.c:72:20: error: expected expression before ')' token
configure:4849: $? = 1
configure: failed program was:
| /* confdefs.h */
| #define PACKAGE_NAME "creuvuxd"
| #define PACKAGE_TARNAME "creuvuxd"
| #define PACKAGE_VERSION "0.81"
| #define PACKAGE_STRING "creuvuxd 0.81"
| #define PACKAGE_BUGREPORT "creuvard@creuvux.org"
| #define PACKAGE_URL ""
| #define PACKAGE "creuvuxd"
| #define VERSION "0.81"
| #define HAVE_LIBZ 1
| #define HAVE_LIBCRYPTO 1
| #define HAVE_LIBSSL 1
| #define HAVE_LIBPTHREAD 1
| #define STDC_HEADERS 1
| #define HAVE_SYS_TYPES_H 1
| #define HAVE_SYS_STAT_H 1
| #define HAVE_STDLIB_H 1
| #define HAVE_STRING_H 1
| #define HAVE_MEMORY_H 1
| #define HAVE_STRINGS_H 1
| #define HAVE_INTTYPES_H 1
| #define HAVE_STDINT_H 1
| #define HAVE_UNISTD_H 1
| #define HAVE_ARPA_INET_H 1
| #define HAVE_FCNTL_H 1
| #define HAVE_LIMITS_H 1
| #define HAVE_NETINET_IN_H 1
| #define HAVE_STDLIB_H 1
| #define HAVE_STRING_H 1
| #define HAVE_SYS_PARAM_H 1
| #define HAVE_SYS_SOCKET_H 1
| #define HAVE_SYS_TIME_H 1
| #define HAVE_TERMIOS_H 1
| #define HAVE_UNISTD_H 1
| /* end confdefs.h.  */
| #include <stdio.h>
| #ifdef HAVE_SYS_TYPES_H
| # include <sys/types.h>
| #endif
| #ifdef HAVE_SYS_STAT_H
| # include <sys/stat.h>
| #endif
| #ifdef STDC_HEADERS
| # include <stdlib.h>
| # include <stddef.h>
| #else
| # ifdef HAVE_STDLIB_H
| #  include <stdlib.h>
| # endif
| #endif
| #ifdef HAVE_STRING_H
| # if !defined STDC_HEADERS && defined HAVE_MEMORY_H
| #  include <memory.h>
| # endif
| # include <string.h>
| #endif
| #ifdef HAVE_STRINGS_H
| # include <strings.h>
| #endif
| #ifdef HAVE_INTTYPES_H
| # include <inttypes.h>
| #endif
| #ifdef HAVE_STDINT_H
| # include <stdint.h>
| #endif
| #ifdef HAVE_UNISTD_H
| # include <unistd.h>
| #endif
| int
| main ()
| {
| if (sizeof ((off_t)))
| 	    return 0;
|   ;
|   return 0;
| }
configure:4849: result: yes
configure:4860: checking for pid_t
configure:4860: gcc -c -g -O2  conftest.c >&5
configure:4860: $? = 0
configure:4860: gcc -c -g -O2  conftest.c >&5
conftest.c: In function 'main':
conftest.c:72:20: error: expected expression before ')' token
configure:4860: $? = 1
configure: failed program was:
| /* confdefs.h */
| #define PACKAGE_NAME "creuvuxd"
| #define PACKAGE_TARNAME "creuvuxd"
| #define PACKAGE_VERSION "0.81"
| #define PACKAGE_STRING "creuvuxd 0.81"
| #define PACKAGE_BUGREPORT "creuvard@creuvux.org"
| #define PACKAGE_URL ""
| #define PACKAGE "creuvuxd"
| #define VERSION "0.81"
| #define HAVE_LIBZ 1
| #define HAVE_LIBCRYPTO 1
| #define HAVE_LIBSSL 1
| #define HAVE_LIBPTHREAD 1
| #define STDC_HEADERS 1
| #define HAVE_SYS_TYPES_H 1
| #define HAVE_SYS_STAT_H 1
| #define HAVE_STDLIB_H 1
| #define HAVE_STRING_H 1
| #define HAVE_MEMORY_H 1
| #define HAVE_STRINGS_H 1
| #define HAVE_INTTYPES_H 1
| #define HAVE_STDINT_H 1
| #define HAVE_UNISTD_H 1
| #define HAVE_ARPA_INET_H 1
| #define HAVE_FCNTL_H 1
| #define HAVE_LIMITS_H 1
| #define HAVE_NETINET_IN_H 1
| #define HAVE_STDLIB_H 1
| #define HAVE_STRING_H 1
| #define HAVE_SYS_PARAM_H 1
| #define HAVE_SYS_SOCKET_H 1
| #define HAVE_SYS_TIME_H 1
| #define HAVE_TERMIOS_H 1
| #define HAVE_UNISTD_H 1
| /* end confdefs.h.  */
| #include <stdio.h>
| #ifdef HAVE_SYS_TYPES_H
| # include <sys/types.h>
| #endif
| #ifdef HAVE_SYS_STAT_H
| # include <sys/stat.h>
| #endif
| #ifdef STDC_HEADERS
| # include <stdlib.h>
| # include <stddef.h>
| #else
| # ifdef HAVE_STDLIB_H
| #  include <stdlib.h>
| # endif
| #endif
| #ifdef HAVE_STRING_H
| # if !defined STDC_HEADERS && defined HAVE_MEMORY_H
| #  include <memory.h>
| # endif
| # include <string.h>
| #endif
| #ifdef HAVE_STRINGS_H
| # include <strings.h>
| #endif
| #ifdef HAVE_INTTYPES_H
| # include <inttypes.h>
| #endif
| #ifdef HAVE_STDINT_H
| # include <stdint.h>
| #endif
| #ifdef HAVE_UNISTD_H
| # include <unistd.h>
| #endif
| int
| main ()
| {
| if (sizeof ((pid_t)))
| 	    return 0;
|   ;
|   return 0;
| }
configure:4860: result: yes
configure:4871: checking for size_t
configure:4871: gcc -c -g -O2  conftest.c >&5
configure:4871: $? = 0
configure:4871: gcc -c -g -O2  conftest.c >&5
conftest.c: In function 'main':
conftest.c:72:21: error: expected expression before ')' token
configure:4871: $? = 1
configure: failed program was:
| /* confdefs.h */
| #define PACKAGE_NAME "creuvuxd"
| #define PACKAGE_TARNAME "creuvuxd"
| #define PACKAGE_VERSION "0.81"
| #define PACKAGE_STRING "creuvuxd 0.81"
| #define PACKAGE_BUGREPORT "creuvard@creuvux.org"
| #define PACKAGE_URL ""
| #define PACKAGE "creuvuxd"
| #define VERSION "0.81"
| #define HAVE_LIBZ 1
| #define HAVE_LIBCRYPTO 1
| #define HAVE_LIBSSL 1
| #define HAVE_LIBPTHREAD 1
| #define STDC_HEADERS 1
| #define HAVE_SYS_TYPES_H 1
| #define HAVE_SYS_STAT_H 1
| #define HAVE_STDLIB_H 1
| #define HAVE_STRING_H 1
| #define HAVE_MEMORY_H 1
| #define HAVE_STRINGS_H 1
| #define HAVE_INTTYPES_H 1
| #define HAVE_STDINT_H 1
| #define HAVE_UNISTD_H 1
| #define HAVE_ARPA_INET_H 1
| #define HAVE_FCNTL_H 1
| #define HAVE_LIMITS_H 1
| #define HAVE_NETINET_IN_H 1
| #define HAVE_STDLIB_H 1
| #define HAVE_STRING_H 1
| #define HAVE_SYS_PARAM_H 1
| #define HAVE_SYS_SOCKET_H 1
| #define HAVE_SYS_TIME_H 1
| #define HAVE_TERMIOS_H 1
| #define HAVE_UNISTD_H 1
| /* end confdefs.h.  */
| #include <stdio.h>
| #ifdef HAVE_SYS_TYPES_H
| # include <sys/types.h>
| #endif
| #ifdef HAVE_SYS_STAT_H
| # include <sys/stat.h>
| #endif
| #ifdef STDC_HEADERS
| # include <stdlib.h>
| # include <stddef.h>
| #else
| # ifdef HAVE_STDLIB_H
| #  include <stdlib.h>
| # endif
| #endif
| #ifdef HAVE_STRING_H
| # if !defined STDC_HEADERS && defined HAVE_MEMORY_H
| #  include <memory.h>
| # endif
| # include <string.h>
| #endif
| #ifdef HAVE_STRINGS_H
| # include <strings.h>
| #endif
| #ifdef HAVE_INTTYPES_H
| # include <inttypes.h>
| #endif
| #ifdef HAVE_STDINT_H
| # include <stdint.h>
| #endif
| #ifdef HAVE_UNISTD_H
| # include <unistd.h>
| #endif
| int
| main ()
| {
| if (sizeof ((size_t)))
| 	    return 0;
|   ;
|   return 0;
| }
configure:4871: result: yes
configure:4882: checking for ssize_t
configure:4882: gcc -c -g -O2  conftest.c >&5
configure:4882: $? = 0
configure:4882: gcc -c -g -O2  conftest.c >&5
conftest.c: In function 'main':
conftest.c:72:22: error: expected expression before ')' token
configure:4882: $? = 1
configure: failed program was:
| /* confdefs.h */
| #define PACKAGE_NAME "creuvuxd"
| #define PACKAGE_TARNAME "creuvuxd"
| #define PACKAGE_VERSION "0.81"
| #define PACKAGE_STRING "creuvuxd 0.81"
| #define PACKAGE_BUGREPORT "creuvard@creuvux.org"
| #define PACKAGE_URL ""
| #define PACKAGE "creuvuxd"
| #define VERSION "0.81"
| #define HAVE_LIBZ 1
| #define HAVE_LIBCRYPTO 1
| #define HAVE_LIBSSL 1
| #define HAVE_LIBPTHREAD 1
| #define STDC_HEADERS 1
| #define HAVE_SYS_TYPES_H 1
| #define HAVE_SYS_STAT_H 1
| #define HAVE_STDLIB_H 1
| #define HAVE_STRING_H 1
| #define HAVE_MEMORY_H 1
| #define HAVE_STRINGS_H 1
| #define HAVE_INTTYPES_H 1
| #define HAVE_STDINT_H 1
| #define HAVE_UNISTD_H 1
| #define HAVE_ARPA_INET_H 1
| #define HAVE_FCNTL_H 1
| #define HAVE_LIMITS_H 1
| #define HAVE_NETINET_IN_H 1
| #define HAVE_STDLIB_H 1
| #define HAVE_STRING_H 1
| #define HAVE_SYS_PARAM_H 1
| #define HAVE_SYS_SOCKET_H 1
| #define HAVE_SYS_TIME_H 1
| #define HAVE_TERMIOS_H 1
| #define HAVE_UNISTD_H 1
| /* end confdefs.h.  */
| #include <stdio.h>
| #ifdef HAVE_SYS_TYPES_H
| # include <sys/types.h>
| #endif
| #ifdef HAVE_SYS_STAT_H
| # include <sys/stat.h>
| #endif
| #ifdef STDC_HEADERS
| # include <stdlib.h>
| # include <stddef.h>
| #else
| # ifdef HAVE_STDLIB_H
| #  include <stdlib.h>
| # endif
| #endif
| #ifdef HAVE_STRING_H
| # if !defined STDC_HEADERS && defined HAVE_MEMORY_H
| #  include <memory.h>
| # endif
| # include <string.h>
| #endif
| #ifdef HAVE_STRINGS_H
| # include <strings.h>
| #endif
| #ifdef HAVE_INTTYPES_H
| # include <inttypes.h>
| #endif
| #ifdef HAVE_STDINT_H
| # include <stdint.h>
| #endif
| #ifdef HAVE_UNISTD_H
| # include <unistd.h>
| #endif
| int
| main ()
| {
| if (sizeof ((ssize_t)))
| 	    return 0;
|   ;
|   return 0;
| }
configure:4882: result: yes
configure:4897: checking vfork.h usability
configure:4897: gcc -c -g -O2  conftest.c >&5
conftest.c:69:19: fatal error: vfork.h: No such file or directory
compilation terminated.
configure:4897: $? = 1
configure: failed program was:
| /* confdefs.h */
| #define PACKAGE_NAME "creuvuxd"
| #define PACKAGE_TARNAME "creuvuxd"
| #define PACKAGE_VERSION "0.81"
| #define PACKAGE_STRING "creuvuxd 0.81"
| #define PACKAGE_BUGREPORT "creuvard@creuvux.org"
| #define PACKAGE_URL ""
| #define PACKAGE "creuvuxd"
| #define VERSION "0.81"
| #define HAVE_LIBZ 1
| #define HAVE_LIBCRYPTO 1
| #define HAVE_LIBSSL 1
| #define HAVE_LIBPTHREAD 1
| #define STDC_HEADERS 1
| #define HAVE_SYS_TYPES_H 1
| #define HAVE_SYS_STAT_H 1
| #define HAVE_STDLIB_H 1
| #define HAVE_STRING_H 1
| #define HAVE_MEMORY_H 1
| #define HAVE_STRINGS_H 1
| #define HAVE_INTTYPES_H 1
| #define HAVE_STDINT_H 1
| #define HAVE_UNISTD_H 1
| #define HAVE_ARPA_INET_H 1
| #define HAVE_FCNTL_H 1
| #define HAVE_LIMITS_H 1
| #define HAVE_NETINET_IN_H 1
| #define HAVE_STDLIB_H 1
| #define HAVE_STRING_H 1
| #define HAVE_SYS_PARAM_H 1
| #define HAVE_SYS_SOCKET_H 1
| #define HAVE_SYS_TIME_H 1
| #define HAVE_TERMIOS_H 1
| #define HAVE_UNISTD_H 1
| /* end confdefs.h.  */
| #include <stdio.h>
| #ifdef HAVE_SYS_TYPES_H
| # include <sys/types.h>
| #endif
| #ifdef HAVE_SYS_STAT_H
| # include <sys/stat.h>
| #endif
| #ifdef STDC_HEADERS
| # include <stdlib.h>
| # include <stddef.h>
| #else
| # ifdef HAVE_STDLIB_H
| #  include <stdlib.h>
| # endif
| #endif
| #ifdef HAVE_STRING_H
| # if !defined STDC_HEADERS && defined HAVE_MEMORY_H
| #  include <memory.h>
| # endif
| # include <string.h>
| #endif
| #ifdef HAVE_STRINGS_H
| # include <strings.h>
| #endif
| #ifdef HAVE_INTTYPES_H
| # include <inttypes.h>
| #endif
| #ifdef HAVE_STDINT_H
| # include <stdint.h>
| #endif
| #ifdef HAVE_UNISTD_H
| # include <unistd.h>
| #endif
| #include <vfork.h>
configure:4897: result: no
configure:4897: checking vfork.h presence
configure:4897: gcc -E  conftest.c
conftest.c:36:19: fatal error: vfork.h: No such file or directory
compilation terminated.
configure:4897: $? = 1
configure: failed program was:
| /* confdefs.h */
| #define PACKAGE_NAME "creuvuxd"
| #define PACKAGE_TARNAME "creuvuxd"
| #define PACKAGE_VERSION "0.81"
| #define PACKAGE_STRING "creuvuxd 0.81"
| #define PACKAGE_BUGREPORT "creuvard@creuvux.org"
| #define PACKAGE_URL ""
| #define PACKAGE "creuvuxd"
| #define VERSION "0.81"
| #define HAVE_LIBZ 1
| #define HAVE_LIBCRYPTO 1
| #define HAVE_LIBSSL 1
| #define HAVE_LIBPTHREAD 1
| #define STDC_HEADERS 1
| #define HAVE_SYS_TYPES_H 1
| #define HAVE_SYS_STAT_H 1
| #define HAVE_STDLIB_H 1
| #define HAVE_STRING_H 1
| #define HAVE_MEMORY_H 1
| #define HAVE_STRINGS_H 1
| #define HAVE_INTTYPES_H 1
| #define HAVE_STDINT_H 1
| #define HAVE_UNISTD_H 1
| #define HAVE_ARPA_INET_H 1
| #define HAVE_FCNTL_H 1
| #define HAVE_LIMITS_H 1
| #define HAVE_NETINET_IN_H 1
| #define HAVE_STDLIB_H 1
| #define HAVE_STRING_H 1
| #define HAVE_SYS_PARAM_H 1
| #define HAVE_SYS_SOCKET_H 1
| #define HAVE_SYS_TIME_H 1
| #define HAVE_TERMIOS_H 1
| #define HAVE_UNISTD_H 1
| /* end confdefs.h.  */
| #include <vfork.h>
configure:4897: result: no
configure:4897: checking for vfork.h
configure:4897: result: no
configure:4910: checking for fork
configure:4910: gcc -o conftest -g -O2   conftest.c -lpthread -lssl -lcrypto -lz  >&5
conftest.c:59:6: warning: conflicting types for built-in function 'fork' [enabled by default]
configure:4910: $? = 0
configure:4910: result: yes
configure:4910: checking for vfork
configure:4910: gcc -o conftest -g -O2   conftest.c -lpthread -lssl -lcrypto -lz  >&5
configure:4910: $? = 0
configure:4910: result: yes
configure:4920: checking for working fork
configure:4942: gcc -o conftest -g -O2   conftest.c -lpthread -lssl -lcrypto -lz  >&5
configure:4942: $? = 0
configure:4942: ./conftest
configure:4942: $? = 0
configure:4952: result: yes
configure:4973: checking for working vfork
configure:5083: result: yes
configure:5110: checking for stdlib.h
configure:5110: result: yes
configure:5120: checking for GNU libc compatible malloc
configure:5144: gcc -o conftest -g -O2   conftest.c -lpthread -lssl -lcrypto -lz  >&5
configure:5144: $? = 0
configure:5144: ./conftest
configure:5144: $? = 0
configure:5154: result: yes
configure:5177: checking for stdlib.h
configure:5177: result: yes
configure:5187: checking for GNU libc compatible realloc
configure:5211: gcc -o conftest -g -O2   conftest.c -lpthread -lssl -lcrypto -lz  >&5
configure:5211: $? = 0
configure:5211: ./conftest
configure:5211: $? = 0
configure:5221: result: yes
configure:5245: checking for dup2
configure:5245: gcc -o conftest -g -O2   conftest.c -lpthread -lssl -lcrypto -lz  >&5
configure:5245: $? = 0
configure:5245: result: yes
configure:5245: checking for endpwent
configure:5245: gcc -o conftest -g -O2   conftest.c -lpthread -lssl -lcrypto -lz  >&5
configure:5245: $? = 0
configure:5245: result: yes
configure:5245: checking for fchdir
configure:5245: gcc -o conftest -g -O2   conftest.c -lpthread -lssl -lcrypto -lz  >&5
configure:5245: $? = 0
configure:5245: result: yes
configure:5245: checking for getcwd
configure:5245: gcc -o conftest -g -O2   conftest.c -lpthread -lssl -lcrypto -lz  >&5
configure:5245: $? = 0
configure:5245: result: yes
configure:5245: checking for gettimeofday
configure:5245: gcc -o conftest -g -O2   conftest.c -lpthread -lssl -lcrypto -lz  >&5
configure:5245: $? = 0
configure:5245: result: yes
configure:5245: checking for inet_ntoa
configure:5245: gcc -o conftest -g -O2   conftest.c -lpthread -lssl -lcrypto -lz  >&5
configure:5245: $? = 0
configure:5245: result: yes
configure:5245: checking for memset
configure:5245: gcc -o conftest -g -O2   conftest.c -lpthread -lssl -lcrypto -lz  >&5
conftest.c:73:6: warning: conflicting types for built-in function 'memset' [enabled by default]
configure:5245: $? = 0
configure:5245: result: yes
configure:5245: checking for select
configure:5245: gcc -o conftest -g -O2   conftest.c -lpthread -lssl -lcrypto -lz  >&5
configure:5245: $? = 0
configure:5245: result: yes
configure:5245: checking for socket
configure:5245: gcc -o conftest -g -O2   conftest.c -lpthread -lssl -lcrypto -lz  >&5
configure:5245: $? = 0
configure:5245: result: yes
configure:5245: checking for strcasecmp
configure:5245: gcc -o conftest -g -O2   conftest.c -lpthread -lssl -lcrypto -lz  >&5
conftest.c:76:6: warning: conflicting types for built-in function 'strcasecmp' [enabled by default]
configure:5245: $? = 0
configure:5245: result: yes
configure:5245: checking for strchr
configure:5245: gcc -o conftest -g -O2   conftest.c -lpthread -lssl -lcrypto -lz  >&5
conftest.c:77:6: warning: conflicting types for built-in function 'strchr' [enabled by default]
configure:5245: $? = 0
configure:5245: result: yes
configure:5245: checking for strcspn
configure:5245: gcc -o conftest -g -O2   conftest.c -lpthread -lssl -lcrypto -lz  >&5
conftest.c:78:6: warning: conflicting types for built-in function 'strcspn' [enabled by default]
configure:5245: $? = 0
configure:5245: result: yes
configure:5245: checking for strdup
configure:5245: gcc -o conftest -g -O2   conftest.c -lpthread -lssl -lcrypto -lz  >&5
conftest.c:79:6: warning: conflicting types for built-in function 'strdup' [enabled by default]
configure:5245: $? = 0
configure:5245: result: yes
configure:5245: checking for strerror
configure:5245: gcc -o conftest -g -O2   conftest.c -lpthread -lssl -lcrypto -lz  >&5
configure:5245: $? = 0
configure:5245: result: yes
configure:5245: checking for strrchr
configure:5245: gcc -o conftest -g -O2   conftest.c -lpthread -lssl -lcrypto -lz  >&5
conftest.c:81:6: warning: conflicting types for built-in function 'strrchr' [enabled by default]
configure:5245: $? = 0
configure:5245: result: yes
configure:5245: checking for strstr
configure:5245: gcc -o conftest -g -O2   conftest.c -lpthread -lssl -lcrypto -lz  >&5
conftest.c:82:6: warning: conflicting types for built-in function 'strstr' [enabled by default]
configure:5245: $? = 0
configure:5245: result: yes
configure:5245: checking for strtol
configure:5245: gcc -o conftest -g -O2   conftest.c -lpthread -lssl -lcrypto -lz  >&5
configure:5245: $? = 0
configure:5245: result: yes
configure:5366: checking that generated files are newer than configure
configure:5372: result: done
configure:5395: creating ./config.status

## ---------------------- ##
## Running config.status. ##
## ---------------------- ##

This file was extended by creuvuxd config.status 0.81, which was
generated by GNU Autoconf 2.69.  Invocation command line was

  CONFIG_FILES    = 
  CONFIG_HEADERS  = 
  CONFIG_LINKS    = 
  CONFIG_COMMANDS = 
  $ ./config.status 

on Sylvain

config.status:904: creating Makefile
config.status:904: creating doc/Makefile
config.status:904: creating doc/pki/Makefile
config.status:904: creating scripts/Makefile
config.status:904: creating src/Makefile
config.status:904: creating config.h
config.status:1133: executing depfiles commands

## ---------------- ##
## Cache variables. ##
## ---------------- ##

ac_cv_c_compiler_gnu=yes
ac_cv_env_CC_set=
ac_cv_env_CC_value=
ac_cv_env_CFLAGS_set=
ac_cv_env_CFLAGS_value=
ac_cv_env_CPPFLAGS_set=
ac_cv_env_CPPFLAGS_value=
ac_cv_env_CPP_set=
ac_cv_env_CPP_value=
ac_cv_env_LDFLAGS_set=
ac_cv_env_LDFLAGS_value=
ac_cv_env_LIBS_set=
ac_cv_env_LIBS_value=
ac_cv_env_PKG_CONFIG_LIBDIR_set=
ac_cv_env_PKG_CONFIG_LIBDIR_value=
ac_cv_env_PKG_CONFIG_PATH_set=
ac_cv_env_PKG_CONFIG_PATH_value=
ac_cv_env_PKG_CONFIG_set=
ac_cv_env_PKG_CONFIG_value=
ac_cv_env_SQL_CFLAGS_set=
ac_cv_env_SQL_CFLAGS_value=
ac_cv_env_SQL_LIBS_set=
ac_cv_env_SQL_LIBS_value=
ac_cv_env_build_alias_set=
ac_cv_env_build_alias_value=
ac_cv_env_host_alias_set=
ac_cv_env_host_alias_value=
ac_cv_env_target_alias_set=
ac_cv_env_target_alias_value=
ac_cv_func_dup2=yes
ac_cv_func_endpwent=yes
ac_cv_func_fchdir=yes
ac_cv_func_fork=yes
ac_cv_func_fork_works=yes
ac_cv_func_getcwd=yes
ac_cv_func_gettimeofday=yes
ac_cv_func_inet_ntoa=yes
ac_cv_func_malloc_0_nonnull=yes
ac_cv_func_memset=yes
ac_cv_func_realloc_0_nonnull=yes
ac_cv_func_select=yes
ac_cv_func_socket=yes
ac_cv_func_strcasecmp=yes
ac_cv_func_strchr=yes
ac_cv_func_strcspn=yes
ac_cv_func_strdup=yes
ac_cv_func_strerror=yes
ac_cv_func_strrchr=yes
ac_cv_func_strstr=yes
ac_cv_func_strtol=yes
ac_cv_func_vfork=yes
ac_cv_func_vfork_works=yes
ac_cv_header_arpa_inet_h=yes
ac_cv_header_fcntl_h=yes
ac_cv_header_inttypes_h=yes
ac_cv_header_limits_h=yes
ac_cv_header_memory_h=yes
ac_cv_header_netinet_in_h=yes
ac_cv_header_stdc=yes
ac_cv_header_stdint_h=yes
ac_cv_header_stdlib_h=yes
ac_cv_header_string_h=yes
ac_cv_header_strings_h=yes
ac_cv_header_sys_param_h=yes
ac_cv_header_sys_socket_h=yes
ac_cv_header_sys_stat_h=yes
ac_cv_header_sys_time_h=yes
ac_cv_header_sys_types_h=yes
ac_cv_header_termios_h=yes
ac_cv_header_unistd_h=yes
ac_cv_header_vfork_h=no
ac_cv_lib_crypto_X509_get_ext_count=yes
ac_cv_lib_pthread_pthread_create=yes
ac_cv_lib_ssl_SSL_get_error=yes
ac_cv_lib_z_deflateInit=no
ac_cv_lib_z_main=yes
ac_cv_objext=o
ac_cv_path_EGREP='/bin/grep -E'
ac_cv_path_GREP=/bin/grep
ac_cv_path_MYSQL_CONFIG=/usr/bin/mysql_config
ac_cv_path_ac_pt_PKG_CONFIG=/usr/bin/pkg-config
ac_cv_path_install='/usr/bin/install -c'
ac_cv_path_mkdir=/bin/mkdir
ac_cv_prog_AWK=gawk
ac_cv_prog_CPP='gcc -E'
ac_cv_prog_ac_ct_CC=gcc
ac_cv_prog_cc_c89=
ac_cv_prog_cc_g=yes
ac_cv_prog_cc_gcc_c_o=yes
ac_cv_prog_make_make_set=yes
ac_cv_type_off_t=yes
ac_cv_type_pid_t=yes
ac_cv_type_size_t=yes
ac_cv_type_ssize_t=yes
ac_cv_type_uid_t=yes
am_cv_CC_dependencies_compiler_type=gcc3
am_cv_make_support_nested_variables=yes
pkg_cv_SQL_CFLAGS=
pkg_cv_SQL_LIBS='-lsqlite3 '

## ----------------- ##
## Output variables. ##
## ----------------- ##

ACLOCAL='${SHELL} /home/creuvard/Desktop/[Documents]/SVN-CREUVUX/Server_MySQL/missing aclocal-1.13'
AMDEPBACKSLASH='\'
AMDEP_FALSE='#'
AMDEP_TRUE=''
AMTAR='$${TAR-tar}'
AM_BACKSLASH='\'
AM_DEFAULT_V='$(AM_DEFAULT_VERBOSITY)'
AM_DEFAULT_VERBOSITY='1'
AM_V='$(V)'
AUTOCONF='${SHELL} /home/creuvard/Desktop/[Documents]/SVN-CREUVUX/Server_MySQL/missing autoconf'
AUTOHEADER='${SHELL} /home/creuvard/Desktop/[Documents]/SVN-CREUVUX/Server_MySQL/missing autoheader'
AUTOMAKE='${SHELL} /home/creuvard/Desktop/[Documents]/SVN-CREUVUX/Server_MySQL/missing automake-1.13'
AWK='gawk'
CC='gcc'
CCDEPMODE='depmode=gcc3'
CFLAGS='-g -O2'
CPP='gcc -E'
CPPFLAGS=''
CYGPATH_W='echo'
DEFS='-DHAVE_CONFIG_H'
DEPDIR='.deps'
ECHO_C=''
ECHO_N='-n'
ECHO_T=''
EGREP='/bin/grep -E'
EXEEXT=''
GREP='/bin/grep'
INSTALL_DATA='${INSTALL} -m 644'
INSTALL_PROGRAM='${INSTALL}'
INSTALL_SCRIPT='${INSTALL}'
INSTALL_STRIP_PROGRAM='$(install_sh) -c -s'
LDFLAGS=''
LIBOBJS=''
LIBS='-lpthread -lssl -lcrypto -lz '
LTLIBOBJS=''
MAKEINFO='${SHELL} /home/creuvard/Desktop/[Documents]/SVN-CREUVUX/Server_MySQL/missing makeinfo'
MKDIR_P='/bin/mkdir -p'
MYSQL_CFLAGS='-I/usr/include/mysql -pipe -fno-strict-aliasing  -g -DNDEBUG'
MYSQL_CONFIG='/usr/bin/mysql_config'
MYSQL_LIBS='-L/usr/lib64/mysql -lmysqlclient -lpthread -lz -lm -lrt -lssl -lcrypto -ldl'
OBJEXT='o'
PACKAGE='creuvuxd'
PACKAGE_BUGREPORT='creuvard@creuvux.org'
PACKAGE_NAME='creuvuxd'
PACKAGE_STRING='creuvuxd 0.81'
PACKAGE_TARNAME='creuvuxd'
PACKAGE_URL=''
PACKAGE_VERSION='0.81'
PATH_SEPARATOR=':'
PKG_CONFIG='/usr/bin/pkg-config'
PKG_CONFIG_LIBDIR=''
PKG_CONFIG_PATH=''
SET_MAKE=''
SHELL='/bin/sh'
SQL_CFLAGS=''
SQL_LIBS='-lsqlite3 '
STRIP=''
VERSION='0.81'
ac_ct_CC='gcc'
am__EXEEXT_FALSE=''
am__EXEEXT_TRUE='#'
am__fastdepCC_FALSE='#'
am__fastdepCC_TRUE=''
am__include='include'
am__isrc=''
am__leading_dot='.'
am__nodep='_no'
am__quote=''
am__tar='$${TAR-tar} chof - "$$tardir"'
am__untar='$${TAR-tar} xf -'
bindir='${exec_prefix}/bin'
build_alias=''
datadir='${datarootdir}'
datarootdir='${prefix}/share'
docdir='${datarootdir}/doc/${PACKAGE_TARNAME}'
dvidir='${docdir}'
exec_prefix='${prefix}'
host_alias=''
htmldir='${docdir}'
includedir='${prefix}/include'
infodir='${datarootdir}/info'
install_sh='${SHELL} /home/creuvard/Desktop/[Documents]/SVN-CREUVUX/Server_MySQL/install-sh'
libdir='${exec_prefix}/lib'
libexecdir='${exec_prefix}/libexec'
localedir='${datarootdir}/locale'
localstatedir='${prefix}/var'
mandir='${datarootdir}/man'
mkdir_p='$(MKDIR_P)'
oldincludedir='/usr/include'
pdfdir='${docdir}'
prefix='/usr/local'
program_transform_name='s,x,x,'
psdir='${docdir}'
sbindir='${exec_prefix}/sbin'
sharedstatedir='${prefix}/com'
sysconfdir='${prefix}/etc'
target_alias=''

## ----------- ##
## confdefs.h. ##
## ----------- ##

/* confdefs.h */
#define PACKAGE_NAME "creuvuxd"
#define PACKAGE_TARNAME "creuvuxd"
#define PACKAGE_VERSION "0.81"
#define PACKAGE_STRING "creuvuxd 0.81"
#define PACKAGE_BUGREPORT "creuvard@creuvux.org"
#define PACKAGE_URL ""
#define PACKAGE "creuvuxd"
#define VERSION "0.81"
#define HAVE_LIBZ 1
#define HAVE_LIBCRYPTO 1
#define HAVE_LIBSSL 1
#define HAVE_LIBPTHREAD 1
#define STDC_HEADERS 1
#define HAVE_SYS_TYPES_H 1
#define HAVE_SYS_STAT_H 1
#define HAVE_STDLIB_H 1
#define HAVE_STRING_H 1
#define HAVE_MEMORY_H 1
#define HAVE_STRINGS_H 1
#define HAVE_INTTYPES_H 1
#define HAVE_STDINT_H 1
#define HAVE_UNISTD_H 1
#define HAVE_ARPA_INET_H 1
#define HAVE_FCNTL_H 1
#define HAVE_LIMITS_H 1
#define HAVE_NETINET_IN_H 1
#define HAVE_STDLIB_H 1
#define HAVE_STRING_H 1
#define HAVE_SYS_PARAM_H 1
#define HAVE_SYS_SOCKET_H 1
#define HAVE_SYS_TIME_H 1
#define HAVE_TERMIOS_H 1
#define HAVE_UNISTD_H 1
#define HAVE_FORK 1
#define HAVE_VFORK 1
#define HAVE_WORKING_VFORK 1
#define HAVE_WORKING_FORK 1
#define HAVE_STDLIB_H 1
#define HAVE_MALLOC 1
#define HAVE_STDLIB_H 1
#define HAVE_REALLOC 1
#define HAVE_DUP2 1
#define HAVE_ENDPWENT 1
#define HAVE_FCHDIR 1
#define HAVE_GETCWD 1
#define HAVE_GETTIMEOFDAY 1
#define HAVE_INET_NTOA 1
#define HAVE_MEMSET 1
#define HAVE_SELECT 1
#define HAVE_SOCKET 1
#define HAVE_STRCASECMP 1
#define HAVE_STRCHR 1
#define HAVE_STRCSPN 1
#define HAVE_STRDUP 1
#define HAVE_STRERROR 1
#define HAVE_STRRCHR 1
#define HAVE_STRSTR 1
#define HAVE_STRTOL 1

configure: exit 0
